<!DOCTYPE html PUBLIC "-//W3C//DTD XHTML 1.1//EN" "http://www.w3.org/TR/xhtml11/DTD/xhtml11.dtd">
<html xmlns="http://www.w3.org/1999/xhtml"><head><title>TestNG Report</title><style type="text/css">table {margin-bottom:10px;border-collapse:collapse;empty-cells:show}th,td {border:1px solid #009;padding:.25em .5em}th {vertical-align:bottom}td {vertical-align:top}table a {font-weight:bold}.stripe td {background-color: #E6EBF9}.num {text-align:right}.passedodd td {background-color: #3F3}.passedeven td {background-color: #0A0}.skippedodd td {background-color: #DDD}.skippedeven td {background-color: #CCC}.failedodd td,.attn {background-color: #F33}.failedeven td,.stripe .attn {background-color: #D00}.stacktrace {white-space:pre;font-family:monospace}.totop {font-size:85%;text-align:center;border-bottom:2px solid #000}</style></head><body><center><h1>TestNG Report - 2018-11-13 10:40:29 PM</h1></center><table><h1>Suite Summary</h1></table><table><tr><th>Test</th><th># Passed</th><th># Skipped</th><th># Failed</th><th>Seconds</th><th>Included Groups</th><th>Excluded Groups</th></tr><tr><th colspan="7">Suite</th></tr><tr><td><a href="#t0">ASR RECEIVE</a></td><td class="num">0</td><td class="num">0</td><td class="num attn">1</td><td class="num">56.86</td><td></td><td></td></tr><tr class="stripe"><td><a href="#t1">ASR SEND</a></td><td class="num">0</td><td class="num">0</td><td class="num attn">1</td><td class="num">61.88</td><td></td><td></td></tr><tr><th>Total</th><th class="num">0</th><th class="num">0</th><th class="num attn">2</th><th class="num">118.73</th><th colspan="2"></th></tr></table><table><h1>User Summary</h1></table><table><thead><tr><th>XXX</th><th>Devaraj Bhat</th></tr></thead><tbody><tr><td>SUCCESS</td><td>0</td></tr><tr><td>FAILURE</td><td>2</td></tr><tr><td>SKIPPED</td><td>0</td></tr><tr><td>TOTAL</td><td>2</td><tr><td>TCs/DAY</td><td>0</td></tr></tbody></table><table><h1>Scenario Summary</h1></table><table><thead><tr><th>Class</th><th>Method</th><th>Name</th><th>Start</th><th>Seconds</th></tr></thead><tbody><tr><th colspan="5">Suite</th></tr></tbody><tbody id="t0"><tr><th colspan="5">ASR RECEIVE &#8212; failed</th></tr><tr class="failedeven"><td rowspan="1">com.synchronoss.inow.vfo.testscripts.VFO_INOW_TEST_002</td><td><a href="#m0">SCRIPT_VFO_INOW_TEST_002</a></td><td rowspan="1">SCRIPT_VFO_INOW_TEST_002</td><td rowspan="1">22:39:35 PM</td><td rowspan="1">47.84</td></tr></tbody><tbody id="t1"><tr><th colspan="5">ASR SEND &#8212; failed</th></tr><tr class="failedeven"><td rowspan="1">com.synchronoss.inow.vfo.testscripts.VFO_INOW_TEST_001</td><td><a href="#m1">SCRIPT_VFO_INOW_TEST_001</a></td><td rowspan="1">SCRIPT_VFO_INOW_TEST_001</td><td rowspan="1">22:39:35 PM</td><td rowspan="1">52.79</td></tr></tbody></table><table><h1>Scenario Details</h1></table><h2>ASR RECEIVE</h2><h3 id="m0">com.synchronoss.inow.vfo.testscripts.VFO_INOW_TEST_002#SCRIPT_VFO_INOW_TEST_002 ( SCRIPT_VFO_INOW_TEST_002 )</h3><table class="result"><tr><th>Messages</th></tr><tr><td><div class="messages">Successfully logged into the Receive Side of Application</div></td></tr><tr><th>Exception</th></tr><tr><td><div class="stacktrace">org.openqa.selenium.WebDriverException: chrome not reachable
  (Session info: chrome=70.0.3538.77)
  (Driver info: chromedriver=2.41.578737 (49da6702b16031c40d63e5618de03a32ff6c197e),platform=Windows NT 10.0.15063 x86_64) (WARNING: The server did not provide any stacktrace information)
Command duration or timeout: 0 milliseconds
Build info: version: &apos;3.14.0&apos;, revision: &apos;aacccce0&apos;, time: &apos;2018-08-02T20:19:58.91Z&apos;
System info: host: &apos;INBAN-2VSVH32&apos;, ip: &apos;10.16.236.95&apos;, os.name: &apos;Windows 10&apos;, os.arch: &apos;amd64&apos;, os.version: &apos;10.0&apos;, java.version: &apos;1.8.0_181&apos;
Driver info: org.openqa.selenium.chrome.ChromeDriver
Capabilities {acceptInsecureCerts: false, acceptSslCerts: false, applicationCacheEnabled: false, browserConnectionEnabled: false, browserName: chrome, chrome: {chromedriverVersion: 2.41.578737 (49da6702b16031..., userDataDir: C:\Users\aklv0001\AppData\L...}, cssSelectorsEnabled: true, databaseEnabled: false, goog:chromeOptions: {debuggerAddress: localhost:51085}, handlesAlerts: true, hasTouchScreen: false, javascriptEnabled: true, locationContextEnabled: true, mobileEmulationEnabled: false, nativeEvents: true, networkConnectionEnabled: false, pageLoadStrategy: normal, platform: XP, platformName: XP, rotatable: false, setWindowRect: true, takesHeapSnapshot: true, takesScreenshot: true, unexpectedAlertBehaviour: , unhandledPromptBehavior: , version: 70.0.3538.77, webStorageEnabled: true}
Session ID: 31996c5ab63d0c157bcbb2909e83f550
	at org.openqa.selenium.remote.ErrorHandler.createThrowable(ErrorHandler.java:214)
	at org.openqa.selenium.remote.ErrorHandler.throwIfResponseFailed(ErrorHandler.java:166)
	at org.openqa.selenium.remote.http.JsonHttpResponseCodec.reconstructValue(JsonHttpResponseCodec.java:40)
	at org.openqa.selenium.remote.http.AbstractHttpResponseCodec.decode(AbstractHttpResponseCodec.java:80)
	at org.openqa.selenium.remote.http.AbstractHttpResponseCodec.decode(AbstractHttpResponseCodec.java:44)
	at org.openqa.selenium.remote.HttpCommandExecutor.execute(HttpCommandExecutor.java:158)
	at org.openqa.selenium.remote.service.DriverCommandExecutor.execute(DriverCommandExecutor.java:83)
	at org.openqa.selenium.remote.RemoteWebDriver.execute(RemoteWebDriver.java:548)
	at org.openqa.selenium.remote.RemoteWebDriver.execute(RemoteWebDriver.java:605)
	at org.openqa.selenium.remote.RemoteWebDriver.getWindowHandles(RemoteWebDriver.java:456)
	at com.synchronoss.inow.common.base.WebDriverActions.switchToTheCurrentWindow(WebDriverActions.java:27)
	at com.synchronoss.inow.vfo.actions.OrderListPageActions.logoutFromApplication(OrderListPageActions.java:26)
	at com.synchronoss.inow.vfo.testscripts.VFO_INOW_TEST_002.SCRIPT_VFO_INOW_TEST_002(VFO_INOW_TEST_002.java:45)
	at java.util.concurrent.FutureTask.run(FutureTask.java:266)
	at java.util.concurrent.ThreadPoolExecutor.runWorker(ThreadPoolExecutor.java:1149)
	at java.util.concurrent.ThreadPoolExecutor$Worker.run(ThreadPoolExecutor.java:624)
	at java.lang.Thread.run(Thread.java:748)
... Removed 20 stack frames</div></td></tr></table><p class="totop"><a href="#summary">back to summary</a></p><h2>ASR SEND</h2><h3 id="m1">com.synchronoss.inow.vfo.testscripts.VFO_INOW_TEST_001#SCRIPT_VFO_INOW_TEST_001 ( SCRIPT_VFO_INOW_TEST_001 )</h3><table class="result"><tr><th>Messages</th></tr><tr><td><div class="messages">Successfully logged into the Send Side of Application</div></td></tr><tr><th>Exception</th></tr><tr><td><div class="stacktrace">org.openqa.selenium.WebDriverException: chrome not reachable
  (Session info: chrome=70.0.3538.77)
  (Driver info: chromedriver=2.41.578737 (49da6702b16031c40d63e5618de03a32ff6c197e),platform=Windows NT 10.0.15063 x86_64) (WARNING: The server did not provide any stacktrace information)
Command duration or timeout: 0 milliseconds
Build info: version: &apos;3.14.0&apos;, revision: &apos;aacccce0&apos;, time: &apos;2018-08-02T20:19:58.91Z&apos;
System info: host: &apos;INBAN-2VSVH32&apos;, ip: &apos;10.16.236.95&apos;, os.name: &apos;Windows 10&apos;, os.arch: &apos;amd64&apos;, os.version: &apos;10.0&apos;, java.version: &apos;1.8.0_181&apos;
Driver info: org.openqa.selenium.chrome.ChromeDriver
Capabilities {acceptInsecureCerts: false, acceptSslCerts: false, applicationCacheEnabled: false, browserConnectionEnabled: false, browserName: chrome, chrome: {chromedriverVersion: 2.41.578737 (49da6702b16031..., userDataDir: C:\Users\aklv0001\AppData\L...}, cssSelectorsEnabled: true, databaseEnabled: false, goog:chromeOptions: {debuggerAddress: localhost:51086}, handlesAlerts: true, hasTouchScreen: false, javascriptEnabled: true, locationContextEnabled: true, mobileEmulationEnabled: false, nativeEvents: true, networkConnectionEnabled: false, pageLoadStrategy: normal, platform: XP, platformName: XP, rotatable: false, setWindowRect: true, takesHeapSnapshot: true, takesScreenshot: true, unexpectedAlertBehaviour: , unhandledPromptBehavior: , version: 70.0.3538.77, webStorageEnabled: true}
Session ID: aea8112b967e3f3b2e05040dd96ca23e
	at org.openqa.selenium.remote.ErrorHandler.createThrowable(ErrorHandler.java:214)
	at org.openqa.selenium.remote.ErrorHandler.throwIfResponseFailed(ErrorHandler.java:166)
	at org.openqa.selenium.remote.http.JsonHttpResponseCodec.reconstructValue(JsonHttpResponseCodec.java:40)
	at org.openqa.selenium.remote.http.AbstractHttpResponseCodec.decode(AbstractHttpResponseCodec.java:80)
	at org.openqa.selenium.remote.http.AbstractHttpResponseCodec.decode(AbstractHttpResponseCodec.java:44)
	at org.openqa.selenium.remote.HttpCommandExecutor.execute(HttpCommandExecutor.java:158)
	at org.openqa.selenium.remote.service.DriverCommandExecutor.execute(DriverCommandExecutor.java:83)
	at org.openqa.selenium.remote.RemoteWebDriver.execute(RemoteWebDriver.java:548)
	at org.openqa.selenium.remote.RemoteWebDriver.execute(RemoteWebDriver.java:605)
	at org.openqa.selenium.remote.RemoteWebDriver.getWindowHandles(RemoteWebDriver.java:456)
	at com.synchronoss.inow.common.base.WebDriverActions.switchToTheCurrentWindow(WebDriverActions.java:27)
	at com.synchronoss.inow.vfo.actions.OrderListPageActions.logoutFromApplication(OrderListPageActions.java:26)
	at com.synchronoss.inow.vfo.testscripts.VFO_INOW_TEST_001.SCRIPT_VFO_INOW_TEST_001(VFO_INOW_TEST_001.java:45)
	at java.util.concurrent.FutureTask.run(FutureTask.java:266)
	at java.util.concurrent.ThreadPoolExecutor.runWorker(ThreadPoolExecutor.java:1149)
	at java.util.concurrent.ThreadPoolExecutor$Worker.run(ThreadPoolExecutor.java:624)
	at java.lang.Thread.run(Thread.java:748)
... Removed 20 stack frames</div></td></tr></table><p class="totop"><a href="#summary">back to summary</a></p></body></html>